===== Program Details =============================================
793 variables
minimize sense
793 linear coefficients
6344 linear constraints
===== CPLEX Details ===============================================
Version identifier: 12.10.0.0 | 2019-11-26 | 843d4de
CPXPARAM_Read_DataCheck                          1
Tried aggregator 2 times.
MIP Presolve eliminated 3139 rows and 84 columns.
MIP Presolve modified 45 coefficients.
Aggregator did 27 substitutions.
Reduced MIP has 3178 rows, 682 columns, and 9498 nonzeros.
Reduced MIP has 0 binaries, 0 generals, 0 SOSs, and 0 indicators.
Presolve time = 0.01 sec. (6.18 ticks)
Tried aggregator 1 time.
Detecting symmetries...
MIP Presolve eliminated 801 rows and 169 columns.
Reduced MIP has 2377 rows, 513 columns, and 6634 nonzeros.
Reduced MIP has 0 binaries, 0 generals, 0 SOSs, and 0 indicators.
Presolve time = 0.01 sec. (4.27 ticks)
MIP emphasis: balance optimality and feasibility.
MIP search method: dynamic search.
Parallel mode: deterministic, using up to 4 threads.
Root relaxation solution time = 0.00 sec. (2.12 ticks)

        Nodes                                         Cuts/
   Node  Left     Objective  IInf  Best Integer    Best Bound    ItCnt     Gap

*     0     0      integral     0       96.5682       96.5682        0    0.00%
Elapsed time = 0.02 sec. (14.95 ticks, tree = 0.00 MB, solutions = 1)

Root node processing (before b&c):
  Real time             =    0.02 sec. (15.01 ticks)
Parallel b&c, 4 threads:
  Real time             =    0.00 sec. (0.00 ticks)
  Sync time (average)   =    0.00 sec.
  Wait time (average)   =    0.00 sec.
                          ------------
Total (root+branch&cut) =    0.02 sec. (15.01 ticks)
===================================================================
{
    "0:0:0:NOMINAL:NOMINAL:NOT_ANALYZED": "NORTH",
    "0:0:0:NOMINAL:NOMINAL:ANALYZED": "NORTH",
    "0:0:0:NOMINAL:ERROR:NOT_ANALYZED": "NORTH",
    "0:0:0:NOMINAL:ERROR:ANALYZED": "NORTH",
    "0:0:0:ERROR:NOMINAL:NOT_ANALYZED": "NORTH",
    "0:0:0:ERROR:NOMINAL:ANALYZED": "NORTH",
    "0:0:0:ERROR:ERROR:NOT_ANALYZED": "NORTH",
    "0:0:0:ERROR:ERROR:ANALYZED": "NORTH",
    "0:0:1:NOMINAL:NOMINAL:NOT_ANALYZED": "CHARGE",
    "0:0:1:NOMINAL:NOMINAL:ANALYZED": "TRANSMIT",
    "0:0:1:NOMINAL:ERROR:NOT_ANALYZED": "CHARGE",
    "0:0:1:NOMINAL:ERROR:ANALYZED": "TRANSMIT",
    "0:0:1:ERROR:NOMINAL:NOT_ANALYZED": "CHARGE",
    "0:0:1:ERROR:NOMINAL:ANALYZED": "TRANSMIT",
    "0:0:1:ERROR:ERROR:NOT_ANALYZED": "CHARGE",
    "0:0:1:ERROR:ERROR:ANALYZED": "TRANSMIT",
    "0:0:2:NOMINAL:NOMINAL:NOT_ANALYZED": "SOUTH",
    "0:0:2:NOMINAL:NOMINAL:ANALYZED": "TRANSMIT",
    "0:0:2:NOMINAL:ERROR:NOT_ANALYZED": "SOUTH",
    "0:0:2:NOMINAL:ERROR:ANALYZED": "TRANSMIT",
    "0:0:2:ERROR:NOMINAL:NOT_ANALYZED": "SOUTH",
    "0:0:2:ERROR:NOMINAL:ANALYZED": "TRANSMIT",
    "0:0:2:ERROR:ERROR:NOT_ANALYZED": "SOUTH",
    "0:0:2:ERROR:ERROR:ANALYZED": "TRANSMIT",
    "0:0:3:NOMINAL:NOMINAL:NOT_ANALYZED": "SOUTH",
    "0:0:3:NOMINAL:NOMINAL:ANALYZED": "TRANSMIT",
    "0:0:3:NOMINAL:ERROR:NOT_ANALYZED": "SOUTH",
    "0:0:3:NOMINAL:ERROR:ANALYZED": "TRANSMIT",
    "0:0:3:ERROR:NOMINAL:NOT_ANALYZED": "SOUTH",
    "0:0:3:ERROR:NOMINAL:ANALYZED": "TRANSMIT",
    "0:0:3:ERROR:ERROR:NOT_ANALYZED": "SOUTH",
    "0:0:3:ERROR:ERROR:ANALYZED": "TRANSMIT",
    "0:0:4:NOMINAL:NOMINAL:NOT_ANALYZED": "SOUTH",
    "0:0:4:NOMINAL:NOMINAL:ANALYZED": "TRANSMIT",
    "0:0:4:NOMINAL:ERROR:NOT_ANALYZED": "SOUTH",
    "0:0:4:NOMINAL:ERROR:ANALYZED": "TRANSMIT",
    "0:0:4:ERROR:NOMINAL:NOT_ANALYZED": "SOUTH",
    "0:0:4:ERROR:NOMINAL:ANALYZED": "TRANSMIT",
    "0:0:4:ERROR:ERROR:NOT_ANALYZED": "SOUTH",
    "0:0:4:ERROR:ERROR:ANALYZED": "TRANSMIT",
    "0:0:5:NOMINAL:NOMINAL:NOT_ANALYZED": "SOUTH",
    "0:0:5:NOMINAL:NOMINAL:ANALYZED": "TRANSMIT",
    "0:0:5:NOMINAL:ERROR:NOT_ANALYZED": "SOUTH",
    "0:0:5:NOMINAL:ERROR:ANALYZED": "TRANSMIT",
    "0:0:5:ERROR:NOMINAL:NOT_ANALYZED": "SOUTH",
    "0:0:5:ERROR:NOMINAL:ANALYZED": "TRANSMIT",
    "0:0:5:ERROR:ERROR:NOT_ANALYZED": "SOUTH",
    "0:0:5:ERROR:ERROR:ANALYZED": "TRANSMIT",
    "0:0:6:NOMINAL:NOMINAL:NOT_ANALYZED": "SOUTH",
    "0:0:6:NOMINAL:NOMINAL:ANALYZED": "TRANSMIT",
    "0:0:6:NOMINAL:ERROR:NOT_ANALYZED": "SOUTH",
    "0:0:6:NOMINAL:ERROR:ANALYZED": "TRANSMIT",
    "0:0:6:ERROR:NOMINAL:NOT_ANALYZED": "SOUTH",
    "0:0:6:ERROR:NOMINAL:ANALYZED": "TRANSMIT",
    "0:0:6:ERROR:ERROR:NOT_ANALYZED": "SOUTH",
    "0:0:6:ERROR:ERROR:ANALYZED": "TRANSMIT",
    "0:0:7:NOMINAL:NOMINAL:NOT_ANALYZED": "SOUTH",
    "0:0:7:NOMINAL:NOMINAL:ANALYZED": "TRANSMIT",
    "0:0:7:NOMINAL:ERROR:NOT_ANALYZED": "SOUTH",
    "0:0:7:NOMINAL:ERROR:ANALYZED": "TRANSMIT",
    "0:0:7:ERROR:NOMINAL:NOT_ANALYZED": "SOUTH",
    "0:0:7:ERROR:NOMINAL:ANALYZED": "TRANSMIT",
    "0:0:7:ERROR:ERROR:NOT_ANALYZED": "SOUTH",
    "0:0:7:ERROR:ERROR:ANALYZED": "TRANSMIT",
    "0:0:8:NOMINAL:NOMINAL:NOT_ANALYZED": "SOUTH",
    "0:0:8:NOMINAL:NOMINAL:ANALYZED": "TRANSMIT",
    "0:0:8:NOMINAL:ERROR:NOT_ANALYZED": "SOUTH",
    "0:0:8:NOMINAL:ERROR:ANALYZED": "TRANSMIT",
    "0:0:8:ERROR:NOMINAL:NOT_ANALYZED": "SOUTH",
    "0:0:8:ERROR:NOMINAL:ANALYZED": "TRANSMIT",
    "0:0:8:ERROR:ERROR:NOT_ANALYZED": "SOUTH",
    "0:0:8:ERROR:ERROR:ANALYZED": "TRANSMIT",
    "0:0:9:NOMINAL:NOMINAL:NOT_ANALYZED": "SOUTH",
    "0:0:9:NOMINAL:NOMINAL:ANALYZED": "TRANSMIT",
    "0:0:9:NOMINAL:ERROR:NOT_ANALYZED": "SOUTH",
    "0:0:9:NOMINAL:ERROR:ANALYZED": "TRANSMIT",
    "0:0:9:ERROR:NOMINAL:NOT_ANALYZED": "SOUTH",
    "0:0:9:ERROR:NOMINAL:ANALYZED": "TRANSMIT",
    "0:0:9:ERROR:ERROR:NOT_ANALYZED": "SOUTH",
    "0:0:9:ERROR:ERROR:ANALYZED": "TRANSMIT",
    "0:0:10:NOMINAL:NOMINAL:NOT_ANALYZED": "SOUTH",
    "0:0:10:NOMINAL:NOMINAL:ANALYZED": "TRANSMIT",
    "0:0:10:NOMINAL:ERROR:NOT_ANALYZED": "SOUTH",
    "0:0:10:NOMINAL:ERROR:ANALYZED": "TRANSMIT",
    "0:0:10:ERROR:NOMINAL:NOT_ANALYZED": "SOUTH",
    "0:0:10:ERROR:NOMINAL:ANALYZED": "TRANSMIT",
    "0:0:10:ERROR:ERROR:NOT_ANALYZED": "SOUTH",
    "0:0:10:ERROR:ERROR:ANALYZED": "TRANSMIT",
    "0:1:0:NOMINAL:NOMINAL:NOT_ANALYZED": "NORTH",
    "0:1:0:NOMINAL:NOMINAL:ANALYZED": "NORTH",
    "0:1:0:NOMINAL:ERROR:NOT_ANALYZED": "NORTH",
    "0:1:0:NOMINAL:ERROR:ANALYZED": "NORTH",
    "0:1:0:ERROR:NOMINAL:NOT_ANALYZED": "NORTH",
    "0:1:0:ERROR:NOMINAL:ANALYZED": "NORTH",
    "0:1:0:ERROR:ERROR:NOT_ANALYZED": "NORTH",
    "0:1:0:ERROR:ERROR:ANALYZED": "NORTH",
    "0:1:1:NOMINAL:NOMINAL:NOT_ANALYZED": "CHARGE",
    "0:1:1:NOMINAL:NOMINAL:ANALYZED": "TRANSMIT",
    "0:1:1:NOMINAL:ERROR:NOT_ANALYZED": "CHARGE",
    "0:1:1:NOMINAL:ERROR:ANALYZED": "TRANSMIT",
    "0:1:1:ERROR:NOMINAL:NOT_ANALYZED": "CHARGE",
    "0:1:1:ERROR:NOMINAL:ANALYZED": "TRANSMIT",
    "0:1:1:ERROR:ERROR:NOT_ANALYZED": "CHARGE",
    "0:1:1:ERROR:ERROR:ANALYZED": "TRANSMIT",
    "0:1:2:NOMINAL:NOMINAL:NOT_ANALYZED": "EAST",
    "0:1:2:NOMINAL:NOMINAL:ANALYZED": "TRANSMIT",
    "0:1:2:NOMINAL:ERROR:NOT_ANALYZED": "EAST",
    "0:1:2:NOMINAL:ERROR:ANALYZED": "TRANSMIT",
    "0:1:2:ERROR:NOMINAL:NOT_ANALYZED": "EAST",
    "0:1:2:ERROR:NOMINAL:ANALYZED": "TRANSMIT",
    "0:1:2:ERROR:ERROR:NOT_ANALYZED": "EAST",
    "0:1:2:ERROR:ERROR:ANALYZED": "TRANSMIT",
    "0:1:3:NOMINAL:NOMINAL:NOT_ANALYZED": "EAST",
    "0:1:3:NOMINAL:NOMINAL:ANALYZED": "TRANSMIT",
    "0:1:3:NOMINAL:ERROR:NOT_ANALYZED": "EAST",
    "0:1:3:NOMINAL:ERROR:ANALYZED": "TRANSMIT",
    "0:1:3:ERROR:NOMINAL:NOT_ANALYZED": "EAST",
    "0:1:3:ERROR:NOMINAL:ANALYZED": "TRANSMIT",
    "0:1:3:ERROR:ERROR:NOT_ANALYZED": "EAST",
    "0:1:3:ERROR:ERROR:ANALYZED": "TRANSMIT",
    "0:1:4:NOMINAL:NOMINAL:NOT_ANALYZED": "EAST",
    "0:1:4:NOMINAL:NOMINAL:ANALYZED": "TRANSMIT",
    "0:1:4:NOMINAL:ERROR:NOT_ANALYZED": "EAST",
    "0:1:4:NOMINAL:ERROR:ANALYZED": "TRANSMIT",
    "0:1:4:ERROR:NOMINAL:NOT_ANALYZED": "EAST",
    "0:1:4:ERROR:NOMINAL:ANALYZED": "TRANSMIT",
    "0:1:4:ERROR:ERROR:NOT_ANALYZED": "EAST",
    "0:1:4:ERROR:ERROR:ANALYZED": "TRANSMIT",
    "0:1:5:NOMINAL:NOMINAL:NOT_ANALYZED": "EAST",
    "0:1:5:NOMINAL:NOMINAL:ANALYZED": "TRANSMIT",
    "0:1:5:NOMINAL:ERROR:NOT_ANALYZED": "EAST",
    "0:1:5:NOMINAL:ERROR:ANALYZED": "TRANSMIT",
    "0:1:5:ERROR:NOMINAL:NOT_ANALYZED": "EAST",
    "0:1:5:ERROR:NOMINAL:ANALYZED": "TRANSMIT",
    "0:1:5:ERROR:ERROR:NOT_ANALYZED": "EAST",
    "0:1:5:ERROR:ERROR:ANALYZED": "TRANSMIT",
    "0:1:6:NOMINAL:NOMINAL:NOT_ANALYZED": "EAST",
    "0:1:6:NOMINAL:NOMINAL:ANALYZED": "TRANSMIT",
    "0:1:6:NOMINAL:ERROR:NOT_ANALYZED": "EAST",
    "0:1:6:NOMINAL:ERROR:ANALYZED": "TRANSMIT",
    "0:1:6:ERROR:NOMINAL:NOT_ANALYZED": "EAST",
    "0:1:6:ERROR:NOMINAL:ANALYZED": "TRANSMIT",
    "0:1:6:ERROR:ERROR:NOT_ANALYZED": "EAST",
    "0:1:6:ERROR:ERROR:ANALYZED": "TRANSMIT",
    "0:1:7:NOMINAL:NOMINAL:NOT_ANALYZED": "EAST",
    "0:1:7:NOMINAL:NOMINAL:ANALYZED": "TRANSMIT",
    "0:1:7:NOMINAL:ERROR:NOT_ANALYZED": "EAST",
    "0:1:7:NOMINAL:ERROR:ANALYZED": "TRANSMIT",
    "0:1:7:ERROR:NOMINAL:NOT_ANALYZED": "EAST",
    "0:1:7:ERROR:NOMINAL:ANALYZED": "TRANSMIT",
    "0:1:7:ERROR:ERROR:NOT_ANALYZED": "EAST",
    "0:1:7:ERROR:ERROR:ANALYZED": "TRANSMIT",
    "0:1:8:NOMINAL:NOMINAL:NOT_ANALYZED": "EAST",
    "0:1:8:NOMINAL:NOMINAL:ANALYZED": "TRANSMIT",
    "0:1:8:NOMINAL:ERROR:NOT_ANALYZED": "EAST",
    "0:1:8:NOMINAL:ERROR:ANALYZED": "TRANSMIT",
    "0:1:8:ERROR:NOMINAL:NOT_ANALYZED": "EAST",
    "0:1:8:ERROR:NOMINAL:ANALYZED": "TRANSMIT",
    "0:1:8:ERROR:ERROR:NOT_ANALYZED": "EAST",
    "0:1:8:ERROR:ERROR:ANALYZED": "TRANSMIT",
    "0:1:9:NOMINAL:NOMINAL:NOT_ANALYZED": "EAST",
    "0:1:9:NOMINAL:NOMINAL:ANALYZED": "TRANSMIT",
    "0:1:9:NOMINAL:ERROR:NOT_ANALYZED": "EAST",
    "0:1:9:NOMINAL:ERROR:ANALYZED": "TRANSMIT",
    "0:1:9:ERROR:NOMINAL:NOT_ANALYZED": "EAST",
    "0:1:9:ERROR:NOMINAL:ANALYZED": "TRANSMIT",
    "0:1:9:ERROR:ERROR:NOT_ANALYZED": "EAST",
    "0:1:9:ERROR:ERROR:ANALYZED": "TRANSMIT",
    "0:1:10:NOMINAL:NOMINAL:NOT_ANALYZED": "EAST",
    "0:1:10:NOMINAL:NOMINAL:ANALYZED": "TRANSMIT",
    "0:1:10:NOMINAL:ERROR:NOT_ANALYZED": "EAST",
    "0:1:10:NOMINAL:ERROR:ANALYZED": "TRANSMIT",
    "0:1:10:ERROR:NOMINAL:NOT_ANALYZED": "EAST",
    "0:1:10:ERROR:NOMINAL:ANALYZED": "TRANSMIT",
    "0:1:10:ERROR:ERROR:NOT_ANALYZED": "EAST",
    "0:1:10:ERROR:ERROR:ANALYZED": "TRANSMIT",
    "0:2:0:NOMINAL:NOMINAL:NOT_ANALYZED": "NORTH",
    "0:2:0:NOMINAL:NOMINAL:ANALYZED": "NORTH",
    "0:2:0:NOMINAL:ERROR:NOT_ANALYZED": "NORTH",
    "0:2:0:NOMINAL:ERROR:ANALYZED": "NORTH",
    "0:2:0:ERROR:NOMINAL:NOT_ANALYZED": "NORTH",
    "0:2:0:ERROR:NOMINAL:ANALYZED": "NORTH",
    "0:2:0:ERROR:ERROR:NOT_ANALYZED": "NORTH",
    "0:2:0:ERROR:ERROR:ANALYZED": "NORTH",
    "0:2:1:NOMINAL:NOMINAL:NOT_ANALYZED": "CHARGE",
    "0:2:1:NOMINAL:NOMINAL:ANALYZED": "TRANSMIT",
    "0:2:1:NOMINAL:ERROR:NOT_ANALYZED": "CHARGE",
    "0:2:1:NOMINAL:ERROR:ANALYZED": "TRANSMIT",
    "0:2:1:ERROR:NOMINAL:NOT_ANALYZED": "CHARGE",
    "0:2:1:ERROR:NOMINAL:ANALYZED": "TRANSMIT",
    "0:2:1:ERROR:ERROR:NOT_ANALYZED": "CHARGE",
    "0:2:1:ERROR:ERROR:ANALYZED": "TRANSMIT",
    "0:2:2:NOMINAL:NOMINAL:NOT_ANALYZED": "SOUTH",
    "0:2:2:NOMINAL:NOMINAL:ANALYZED": "TRANSMIT",
    "0:2:2:NOMINAL:ERROR:NOT_ANALYZED": "SOUTH",
    "0:2:2:NOMINAL:ERROR:ANALYZED": "TRANSMIT",
    "0:2:2:ERROR:NOMINAL:NOT_ANALYZED": "SOUTH",
    "0:2:2:ERROR:NOMINAL:ANALYZED": "TRANSMIT",
    "0:2:2:ERROR:ERROR:NOT_ANALYZED": "SOUTH",
    "0:2:2:ERROR:ERROR:ANALYZED": "TRANSMIT",
    "0:2:3:NOMINAL:NOMINAL:NOT_ANALYZED": "SOUTH",
    "0:2:3:NOMINAL:NOMINAL:ANALYZED": "TRANSMIT",
    "0:2:3:NOMINAL:ERROR:NOT_ANALYZED": "SOUTH",
    "0:2:3:NOMINAL:ERROR:ANALYZED": "TRANSMIT",
    "0:2:3:ERROR:NOMINAL:NOT_ANALYZED": "SOUTH",
    "0:2:3:ERROR:NOMINAL:ANALYZED": "TRANSMIT",
    "0:2:3:ERROR:ERROR:NOT_ANALYZED": "SOUTH",
    "0:2:3:ERROR:ERROR:ANALYZED": "TRANSMIT",
    "0:2:4:NOMINAL:NOMINAL:NOT_ANALYZED": "SOUTH",
    "0:2:4:NOMINAL:NOMINAL:ANALYZED": "TRANSMIT",
    "0:2:4:NOMINAL:ERROR:NOT_ANALYZED": "SOUTH",
    "0:2:4:NOMINAL:ERROR:ANALYZED": "TRANSMIT",
    "0:2:4:ERROR:NOMINAL:NOT_ANALYZED": "SOUTH",
    "0:2:4:ERROR:NOMINAL:ANALYZED": "TRANSMIT",
    "0:2:4:ERROR:ERROR:NOT_ANALYZED": "SOUTH",
    "0:2:4:ERROR:ERROR:ANALYZED": "TRANSMIT",
    "0:2:5:NOMINAL:NOMINAL:NOT_ANALYZED": "SOUTH",
    "0:2:5:NOMINAL:NOMINAL:ANALYZED": "TRANSMIT",
    "0:2:5:NOMINAL:ERROR:NOT_ANALYZED": "SOUTH",
    "0:2:5:NOMINAL:ERROR:ANALYZED": "TRANSMIT",
    "0:2:5:ERROR:NOMINAL:NOT_ANALYZED": "SOUTH",
    "0:2:5:ERROR:NOMINAL:ANALYZED": "TRANSMIT",
    "0:2:5:ERROR:ERROR:NOT_ANALYZED": "SOUTH",
    "0:2:5:ERROR:ERROR:ANALYZED": "TRANSMIT",
    "0:2:6:NOMINAL:NOMINAL:NOT_ANALYZED": "SOUTH",
    "0:2:6:NOMINAL:NOMINAL:ANALYZED": "TRANSMIT",
    "0:2:6:NOMINAL:ERROR:NOT_ANALYZED": "SOUTH",
    "0:2:6:NOMINAL:ERROR:ANALYZED": "TRANSMIT",
    "0:2:6:ERROR:NOMINAL:NOT_ANALYZED": "SOUTH",
    "0:2:6:ERROR:NOMINAL:ANALYZED": "TRANSMIT",
    "0:2:6:ERROR:ERROR:NOT_ANALYZED": "SOUTH",
    "0:2:6:ERROR:ERROR:ANALYZED": "TRANSMIT",
    "0:2:7:NOMINAL:NOMINAL:NOT_ANALYZED": "SOUTH",
    "0:2:7:NOMINAL:NOMINAL:ANALYZED": "TRANSMIT",
    "0:2:7:NOMINAL:ERROR:NOT_ANALYZED": "SOUTH",
    "0:2:7:NOMINAL:ERROR:ANALYZED": "TRANSMIT",
    "0:2:7:ERROR:NOMINAL:NOT_ANALYZED": "SOUTH",
    "0:2:7:ERROR:NOMINAL:ANALYZED": "TRANSMIT",
    "0:2:7:ERROR:ERROR:NOT_ANALYZED": "SOUTH",
    "0:2:7:ERROR:ERROR:ANALYZED": "TRANSMIT",
    "0:2:8:NOMINAL:NOMINAL:NOT_ANALYZED": "SOUTH",
    "0:2:8:NOMINAL:NOMINAL:ANALYZED": "TRANSMIT",
    "0:2:8:NOMINAL:ERROR:NOT_ANALYZED": "SOUTH",
    "0:2:8:NOMINAL:ERROR:ANALYZED": "TRANSMIT",
    "0:2:8:ERROR:NOMINAL:NOT_ANALYZED": "SOUTH",
    "0:2:8:ERROR:NOMINAL:ANALYZED": "TRANSMIT",
    "0:2:8:ERROR:ERROR:NOT_ANALYZED": "SOUTH",
    "0:2:8:ERROR:ERROR:ANALYZED": "TRANSMIT",
    "0:2:9:NOMINAL:NOMINAL:NOT_ANALYZED": "SOUTH",
    "0:2:9:NOMINAL:NOMINAL:ANALYZED": "TRANSMIT",
    "0:2:9:NOMINAL:ERROR:NOT_ANALYZED": "SOUTH",
    "0:2:9:NOMINAL:ERROR:ANALYZED": "TRANSMIT",
    "0:2:9:ERROR:NOMINAL:NOT_ANALYZED": "SOUTH",
    "0:2:9:ERROR:NOMINAL:ANALYZED": "TRANSMIT",
    "0:2:9:ERROR:ERROR:NOT_ANALYZED": "SOUTH",
    "0:2:9:ERROR:ERROR:ANALYZED": "TRANSMIT",
    "0:2:10:NOMINAL:NOMINAL:NOT_ANALYZED": "SOUTH",
    "0:2:10:NOMINAL:NOMINAL:ANALYZED": "TRANSMIT",
    "0:2:10:NOMINAL:ERROR:NOT_ANALYZED": "SOUTH",
    "0:2:10:NOMINAL:ERROR:ANALYZED": "TRANSMIT",
    "0:2:10:ERROR:NOMINAL:NOT_ANALYZED": "SOUTH",
    "0:2:10:ERROR:NOMINAL:ANALYZED": "TRANSMIT",
    "0:2:10:ERROR:ERROR:NOT_ANALYZED": "SOUTH",
    "0:2:10:ERROR:ERROR:ANALYZED": "TRANSMIT",
    "1:0:0:NOMINAL:NOMINAL:NOT_ANALYZED": "NORTH",
    "1:0:0:NOMINAL:NOMINAL:ANALYZED": "NORTH",
    "1:0:0:NOMINAL:ERROR:NOT_ANALYZED": "NORTH",
    "1:0:0:NOMINAL:ERROR:ANALYZED": "NORTH",
    "1:0:0:ERROR:NOMINAL:NOT_ANALYZED": "NORTH",
    "1:0:0:ERROR:NOMINAL:ANALYZED": "NORTH",
    "1:0:0:ERROR:ERROR:NOT_ANALYZED": "NORTH",
    "1:0:0:ERROR:ERROR:ANALYZED": "NORTH",
    "1:0:1:NOMINAL:NOMINAL:NOT_ANALYZED": "CHARGE",
    "1:0:1:NOMINAL:NOMINAL:ANALYZED": "TRANSMIT",
    "1:0:1:NOMINAL:ERROR:NOT_ANALYZED": "CHARGE",
    "1:0:1:NOMINAL:ERROR:ANALYZED": "TRANSMIT",
    "1:0:1:ERROR:NOMINAL:NOT_ANALYZED": "CHARGE",
    "1:0:1:ERROR:NOMINAL:ANALYZED": "TRANSMIT",
    "1:0:1:ERROR:ERROR:NOT_ANALYZED": "CHARGE",
    "1:0:1:ERROR:ERROR:ANALYZED": "TRANSMIT",
    "1:0:2:NOMINAL:NOMINAL:NOT_ANALYZED": "CHARGE",
    "1:0:2:NOMINAL:NOMINAL:ANALYZED": "TRANSMIT",
    "1:0:2:NOMINAL:ERROR:NOT_ANALYZED": "CHARGE",
    "1:0:2:NOMINAL:ERROR:ANALYZED": "TRANSMIT",
    "1:0:2:ERROR:NOMINAL:NOT_ANALYZED": "CHARGE",
    "1:0:2:ERROR:NOMINAL:ANALYZED": "TRANSMIT",
    "1:0:2:ERROR:ERROR:NOT_ANALYZED": "CHARGE",
    "1:0:2:ERROR:ERROR:ANALYZED": "TRANSMIT",
    "1:0:3:NOMINAL:NOMINAL:NOT_ANALYZED": "EAST",
    "1:0:3:NOMINAL:NOMINAL:ANALYZED": "TRANSMIT",
    "1:0:3:NOMINAL:ERROR:NOT_ANALYZED": "EAST",
    "1:0:3:NOMINAL:ERROR:ANALYZED": "TRANSMIT",
    "1:0:3:ERROR:NOMINAL:NOT_ANALYZED": "EAST",
    "1:0:3:ERROR:NOMINAL:ANALYZED": "TRANSMIT",
    "1:0:3:ERROR:ERROR:NOT_ANALYZED": "EAST",
    "1:0:3:ERROR:ERROR:ANALYZED": "TRANSMIT",
    "1:0:4:NOMINAL:NOMINAL:NOT_ANALYZED": "EAST",
    "1:0:4:NOMINAL:NOMINAL:ANALYZED": "TRANSMIT",
    "1:0:4:NOMINAL:ERROR:NOT_ANALYZED": "EAST",
    "1:0:4:NOMINAL:ERROR:ANALYZED": "TRANSMIT",
    "1:0:4:ERROR:NOMINAL:NOT_ANALYZED": "EAST",
    "1:0:4:ERROR:NOMINAL:ANALYZED": "TRANSMIT",
    "1:0:4:ERROR:ERROR:NOT_ANALYZED": "EAST",
    "1:0:4:ERROR:ERROR:ANALYZED": "TRANSMIT",
    "1:0:5:NOMINAL:NOMINAL:NOT_ANALYZED": "EAST",
    "1:0:5:NOMINAL:NOMINAL:ANALYZED": "TRANSMIT",
    "1:0:5:NOMINAL:ERROR:NOT_ANALYZED": "EAST",
    "1:0:5:NOMINAL:ERROR:ANALYZED": "TRANSMIT",
    "1:0:5:ERROR:NOMINAL:NOT_ANALYZED": "EAST",
    "1:0:5:ERROR:NOMINAL:ANALYZED": "TRANSMIT",
    "1:0:5:ERROR:ERROR:NOT_ANALYZED": "EAST",
    "1:0:5:ERROR:ERROR:ANALYZED": "TRANSMIT",
    "1:0:6:NOMINAL:NOMINAL:NOT_ANALYZED": "EAST",
    "1:0:6:NOMINAL:NOMINAL:ANALYZED": "TRANSMIT",
    "1:0:6:NOMINAL:ERROR:NOT_ANALYZED": "EAST",
    "1:0:6:NOMINAL:ERROR:ANALYZED": "TRANSMIT",
    "1:0:6:ERROR:NOMINAL:NOT_ANALYZED": "EAST",
    "1:0:6:ERROR:NOMINAL:ANALYZED": "TRANSMIT",
    "1:0:6:ERROR:ERROR:NOT_ANALYZED": "EAST",
    "1:0:6:ERROR:ERROR:ANALYZED": "TRANSMIT",
    "1:0:7:NOMINAL:NOMINAL:NOT_ANALYZED": "EAST",
    "1:0:7:NOMINAL:NOMINAL:ANALYZED": "TRANSMIT",
    "1:0:7:NOMINAL:ERROR:NOT_ANALYZED": "EAST",
    "1:0:7:NOMINAL:ERROR:ANALYZED": "TRANSMIT",
    "1:0:7:ERROR:NOMINAL:NOT_ANALYZED": "EAST",
    "1:0:7:ERROR:NOMINAL:ANALYZED": "TRANSMIT",
    "1:0:7:ERROR:ERROR:NOT_ANALYZED": "EAST",
    "1:0:7:ERROR:ERROR:ANALYZED": "TRANSMIT",
    "1:0:8:NOMINAL:NOMINAL:NOT_ANALYZED": "EAST",
    "1:0:8:NOMINAL:NOMINAL:ANALYZED": "TRANSMIT",
    "1:0:8:NOMINAL:ERROR:NOT_ANALYZED": "EAST",
    "1:0:8:NOMINAL:ERROR:ANALYZED": "TRANSMIT",
    "1:0:8:ERROR:NOMINAL:NOT_ANALYZED": "EAST",
    "1:0:8:ERROR:NOMINAL:ANALYZED": "TRANSMIT",
    "1:0:8:ERROR:ERROR:NOT_ANALYZED": "EAST",
    "1:0:8:ERROR:ERROR:ANALYZED": "TRANSMIT",
    "1:0:9:NOMINAL:NOMINAL:NOT_ANALYZED": "EAST",
    "1:0:9:NOMINAL:NOMINAL:ANALYZED": "TRANSMIT",
    "1:0:9:NOMINAL:ERROR:NOT_ANALYZED": "EAST",
    "1:0:9:NOMINAL:ERROR:ANALYZED": "TRANSMIT",
    "1:0:9:ERROR:NOMINAL:NOT_ANALYZED": "EAST",
    "1:0:9:ERROR:NOMINAL:ANALYZED": "TRANSMIT",
    "1:0:9:ERROR:ERROR:NOT_ANALYZED": "EAST",
    "1:0:9:ERROR:ERROR:ANALYZED": "TRANSMIT",
    "1:0:10:NOMINAL:NOMINAL:NOT_ANALYZED": "EAST",
    "1:0:10:NOMINAL:NOMINAL:ANALYZED": "TRANSMIT",
    "1:0:10:NOMINAL:ERROR:NOT_ANALYZED": "EAST",
    "1:0:10:NOMINAL:ERROR:ANALYZED": "TRANSMIT",
    "1:0:10:ERROR:NOMINAL:NOT_ANALYZED": "EAST",
    "1:0:10:ERROR:NOMINAL:ANALYZED": "TRANSMIT",
    "1:0:10:ERROR:ERROR:NOT_ANALYZED": "EAST",
    "1:0:10:ERROR:ERROR:ANALYZED": "TRANSMIT",
    "1:1:0:NOMINAL:NOMINAL:NOT_ANALYZED": "NORTH",
    "1:1:0:NOMINAL:NOMINAL:ANALYZED": "NORTH",
    "1:1:0:NOMINAL:ERROR:NOT_ANALYZED": "NORTH",
    "1:1:0:NOMINAL:ERROR:ANALYZED": "NORTH",
    "1:1:0:ERROR:NOMINAL:NOT_ANALYZED": "NORTH",
    "1:1:0:ERROR:NOMINAL:ANALYZED": "NORTH",
    "1:1:0:ERROR:ERROR:NOT_ANALYZED": "NORTH",
    "1:1:0:ERROR:ERROR:ANALYZED": "NORTH",
    "1:1:1:NOMINAL:NOMINAL:NOT_ANALYZED": "NORTH",
    "1:1:1:NOMINAL:NOMINAL:ANALYZED": "TRANSMIT",
    "1:1:1:NOMINAL:ERROR:NOT_ANALYZED": "NORTH",
    "1:1:1:NOMINAL:ERROR:ANALYZED": "TRANSMIT",
    "1:1:1:ERROR:NOMINAL:NOT_ANALYZED": "NORTH",
    "1:1:1:ERROR:NOMINAL:ANALYZED": "TRANSMIT",
    "1:1:1:ERROR:ERROR:NOT_ANALYZED": "NORTH",
    "1:1:1:ERROR:ERROR:ANALYZED": "TRANSMIT",
    "1:1:2:NOMINAL:NOMINAL:NOT_ANALYZED": "EAST",
    "1:1:2:NOMINAL:NOMINAL:ANALYZED": "TRANSMIT",
    "1:1:2:NOMINAL:ERROR:NOT_ANALYZED": "EAST",
    "1:1:2:NOMINAL:ERROR:ANALYZED": "TRANSMIT",
    "1:1:2:ERROR:NOMINAL:NOT_ANALYZED": "EAST",
    "1:1:2:ERROR:NOMINAL:ANALYZED": "TRANSMIT",
    "1:1:2:ERROR:ERROR:NOT_ANALYZED": "EAST",
    "1:1:2:ERROR:ERROR:ANALYZED": "TRANSMIT",
    "1:1:3:NOMINAL:NOMINAL:NOT_ANALYZED": "EAST",
    "1:1:3:NOMINAL:NOMINAL:ANALYZED": "TRANSMIT",
    "1:1:3:NOMINAL:ERROR:NOT_ANALYZED": "EAST",
    "1:1:3:NOMINAL:ERROR:ANALYZED": "TRANSMIT",
    "1:1:3:ERROR:NOMINAL:NOT_ANALYZED": "EAST",
    "1:1:3:ERROR:NOMINAL:ANALYZED": "TRANSMIT",
    "1:1:3:ERROR:ERROR:NOT_ANALYZED": "EAST",
    "1:1:3:ERROR:ERROR:ANALYZED": "TRANSMIT",
    "1:1:4:NOMINAL:NOMINAL:NOT_ANALYZED": "EAST",
    "1:1:4:NOMINAL:NOMINAL:ANALYZED": "TRANSMIT",
    "1:1:4:NOMINAL:ERROR:NOT_ANALYZED": "EAST",
    "1:1:4:NOMINAL:ERROR:ANALYZED": "TRANSMIT",
    "1:1:4:ERROR:NOMINAL:NOT_ANALYZED": "EAST",
    "1:1:4:ERROR:NOMINAL:ANALYZED": "TRANSMIT",
    "1:1:4:ERROR:ERROR:NOT_ANALYZED": "EAST",
    "1:1:4:ERROR:ERROR:ANALYZED": "TRANSMIT",
    "1:1:5:NOMINAL:NOMINAL:NOT_ANALYZED": "EAST",
    "1:1:5:NOMINAL:NOMINAL:ANALYZED": "TRANSMIT",
    "1:1:5:NOMINAL:ERROR:NOT_ANALYZED": "EAST",
    "1:1:5:NOMINAL:ERROR:ANALYZED": "TRANSMIT",
    "1:1:5:ERROR:NOMINAL:NOT_ANALYZED": "EAST",
    "1:1:5:ERROR:NOMINAL:ANALYZED": "TRANSMIT",
    "1:1:5:ERROR:ERROR:NOT_ANALYZED": "EAST",
    "1:1:5:ERROR:ERROR:ANALYZED": "TRANSMIT",
    "1:1:6:NOMINAL:NOMINAL:NOT_ANALYZED": "EAST",
    "1:1:6:NOMINAL:NOMINAL:ANALYZED": "TRANSMIT",
    "1:1:6:NOMINAL:ERROR:NOT_ANALYZED": "EAST",
    "1:1:6:NOMINAL:ERROR:ANALYZED": "TRANSMIT",
    "1:1:6:ERROR:NOMINAL:NOT_ANALYZED": "EAST",
    "1:1:6:ERROR:NOMINAL:ANALYZED": "TRANSMIT",
    "1:1:6:ERROR:ERROR:NOT_ANALYZED": "EAST",
    "1:1:6:ERROR:ERROR:ANALYZED": "TRANSMIT",
    "1:1:7:NOMINAL:NOMINAL:NOT_ANALYZED": "EAST",
    "1:1:7:NOMINAL:NOMINAL:ANALYZED": "TRANSMIT",
    "1:1:7:NOMINAL:ERROR:NOT_ANALYZED": "EAST",
    "1:1:7:NOMINAL:ERROR:ANALYZED": "TRANSMIT",
    "1:1:7:ERROR:NOMINAL:NOT_ANALYZED": "EAST",
    "1:1:7:ERROR:NOMINAL:ANALYZED": "TRANSMIT",
    "1:1:7:ERROR:ERROR:NOT_ANALYZED": "EAST",
    "1:1:7:ERROR:ERROR:ANALYZED": "TRANSMIT",
    "1:1:8:NOMINAL:NOMINAL:NOT_ANALYZED": "EAST",
    "1:1:8:NOMINAL:NOMINAL:ANALYZED": "TRANSMIT",
    "1:1:8:NOMINAL:ERROR:NOT_ANALYZED": "EAST",
    "1:1:8:NOMINAL:ERROR:ANALYZED": "TRANSMIT",
    "1:1:8:ERROR:NOMINAL:NOT_ANALYZED": "EAST",
    "1:1:8:ERROR:NOMINAL:ANALYZED": "TRANSMIT",
    "1:1:8:ERROR:ERROR:NOT_ANALYZED": "EAST",
    "1:1:8:ERROR:ERROR:ANALYZED": "TRANSMIT",
    "1:1:9:NOMINAL:NOMINAL:NOT_ANALYZED": "EAST",
    "1:1:9:NOMINAL:NOMINAL:ANALYZED": "TRANSMIT",
    "1:1:9:NOMINAL:ERROR:NOT_ANALYZED": "EAST",
    "1:1:9:NOMINAL:ERROR:ANALYZED": "TRANSMIT",
    "1:1:9:ERROR:NOMINAL:NOT_ANALYZED": "EAST",
    "1:1:9:ERROR:NOMINAL:ANALYZED": "TRANSMIT",
    "1:1:9:ERROR:ERROR:NOT_ANALYZED": "EAST",
    "1:1:9:ERROR:ERROR:ANALYZED": "TRANSMIT",
    "1:1:10:NOMINAL:NOMINAL:NOT_ANALYZED": "EAST",
    "1:1:10:NOMINAL:NOMINAL:ANALYZED": "TRANSMIT",
    "1:1:10:NOMINAL:ERROR:NOT_ANALYZED": "CHARGE",
    "1:1:10:NOMINAL:ERROR:ANALYZED": "TRANSMIT",
    "1:1:10:ERROR:NOMINAL:NOT_ANALYZED": "CHARGE",
    "1:1:10:ERROR:NOMINAL:ANALYZED": "TRANSMIT",
    "1:1:10:ERROR:ERROR:NOT_ANALYZED": "EAST",
    "1:1:10:ERROR:ERROR:ANALYZED": "TRANSMIT",
    "1:2:0:NOMINAL:NOMINAL:NOT_ANALYZED": "NORTH",
    "1:2:0:NOMINAL:NOMINAL:ANALYZED": "NORTH",
    "1:2:0:NOMINAL:ERROR:NOT_ANALYZED": "NORTH",
    "1:2:0:NOMINAL:ERROR:ANALYZED": "NORTH",
    "1:2:0:ERROR:NOMINAL:NOT_ANALYZED": "NORTH",
    "1:2:0:ERROR:NOMINAL:ANALYZED": "NORTH",
    "1:2:0:ERROR:ERROR:NOT_ANALYZED": "NORTH",
    "1:2:0:ERROR:ERROR:ANALYZED": "NORTH",
    "1:2:1:NOMINAL:NOMINAL:NOT_ANALYZED": "CHARGE",
    "1:2:1:NOMINAL:NOMINAL:ANALYZED": "TRANSMIT",
    "1:2:1:NOMINAL:ERROR:NOT_ANALYZED": "CHARGE",
    "1:2:1:NOMINAL:ERROR:ANALYZED": "TRANSMIT",
    "1:2:1:ERROR:NOMINAL:NOT_ANALYZED": "CHARGE",
    "1:2:1:ERROR:NOMINAL:ANALYZED": "TRANSMIT",
    "1:2:1:ERROR:ERROR:NOT_ANALYZED": "CHARGE",
    "1:2:1:ERROR:ERROR:ANALYZED": "TRANSMIT",
    "1:2:2:NOMINAL:NOMINAL:NOT_ANALYZED": "SOUTH",
    "1:2:2:NOMINAL:NOMINAL:ANALYZED": "TRANSMIT",
    "1:2:2:NOMINAL:ERROR:NOT_ANALYZED": "SOUTH",
    "1:2:2:NOMINAL:ERROR:ANALYZED": "TRANSMIT",
    "1:2:2:ERROR:NOMINAL:NOT_ANALYZED": "SOUTH",
    "1:2:2:ERROR:NOMINAL:ANALYZED": "TRANSMIT",
    "1:2:2:ERROR:ERROR:NOT_ANALYZED": "SOUTH",
    "1:2:2:ERROR:ERROR:ANALYZED": "TRANSMIT",
    "1:2:3:NOMINAL:NOMINAL:NOT_ANALYZED": "SOUTH",
    "1:2:3:NOMINAL:NOMINAL:ANALYZED": "TRANSMIT",
    "1:2:3:NOMINAL:ERROR:NOT_ANALYZED": "SOUTH",
    "1:2:3:NOMINAL:ERROR:ANALYZED": "TRANSMIT",
    "1:2:3:ERROR:NOMINAL:NOT_ANALYZED": "SOUTH",
    "1:2:3:ERROR:NOMINAL:ANALYZED": "TRANSMIT",
    "1:2:3:ERROR:ERROR:NOT_ANALYZED": "SOUTH",
    "1:2:3:ERROR:ERROR:ANALYZED": "TRANSMIT",
    "1:2:4:NOMINAL:NOMINAL:NOT_ANALYZED": "SOUTH",
    "1:2:4:NOMINAL:NOMINAL:ANALYZED": "TRANSMIT",
    "1:2:4:NOMINAL:ERROR:NOT_ANALYZED": "SOUTH",
    "1:2:4:NOMINAL:ERROR:ANALYZED": "TRANSMIT",
    "1:2:4:ERROR:NOMINAL:NOT_ANALYZED": "SOUTH",
    "1:2:4:ERROR:NOMINAL:ANALYZED": "TRANSMIT",
    "1:2:4:ERROR:ERROR:NOT_ANALYZED": "SOUTH",
    "1:2:4:ERROR:ERROR:ANALYZED": "TRANSMIT",
    "1:2:5:NOMINAL:NOMINAL:NOT_ANALYZED": "SOUTH",
    "1:2:5:NOMINAL:NOMINAL:ANALYZED": "TRANSMIT",
    "1:2:5:NOMINAL:ERROR:NOT_ANALYZED": "SOUTH",
    "1:2:5:NOMINAL:ERROR:ANALYZED": "TRANSMIT",
    "1:2:5:ERROR:NOMINAL:NOT_ANALYZED": "SOUTH",
    "1:2:5:ERROR:NOMINAL:ANALYZED": "TRANSMIT",
    "1:2:5:ERROR:ERROR:NOT_ANALYZED": "SOUTH",
    "1:2:5:ERROR:ERROR:ANALYZED": "TRANSMIT",
    "1:2:6:NOMINAL:NOMINAL:NOT_ANALYZED": "SOUTH",
    "1:2:6:NOMINAL:NOMINAL:ANALYZED": "TRANSMIT",
    "1:2:6:NOMINAL:ERROR:NOT_ANALYZED": "SOUTH",
    "1:2:6:NOMINAL:ERROR:ANALYZED": "TRANSMIT",
    "1:2:6:ERROR:NOMINAL:NOT_ANALYZED": "SOUTH",
    "1:2:6:ERROR:NOMINAL:ANALYZED": "TRANSMIT",
    "1:2:6:ERROR:ERROR:NOT_ANALYZED": "SOUTH",
    "1:2:6:ERROR:ERROR:ANALYZED": "TRANSMIT",
    "1:2:7:NOMINAL:NOMINAL:NOT_ANALYZED": "SOUTH",
    "1:2:7:NOMINAL:NOMINAL:ANALYZED": "TRANSMIT",
    "1:2:7:NOMINAL:ERROR:NOT_ANALYZED": "SOUTH",
    "1:2:7:NOMINAL:ERROR:ANALYZED": "TRANSMIT",
    "1:2:7:ERROR:NOMINAL:NOT_ANALYZED": "SOUTH",
    "1:2:7:ERROR:NOMINAL:ANALYZED": "TRANSMIT",
    "1:2:7:ERROR:ERROR:NOT_ANALYZED": "SOUTH",
    "1:2:7:ERROR:ERROR:ANALYZED": "TRANSMIT",
    "1:2:8:NOMINAL:NOMINAL:NOT_ANALYZED": "SOUTH",
    "1:2:8:NOMINAL:NOMINAL:ANALYZED": "TRANSMIT",
    "1:2:8:NOMINAL:ERROR:NOT_ANALYZED": "SOUTH",
    "1:2:8:NOMINAL:ERROR:ANALYZED": "TRANSMIT",
    "1:2:8:ERROR:NOMINAL:NOT_ANALYZED": "SOUTH",
    "1:2:8:ERROR:NOMINAL:ANALYZED": "TRANSMIT",
    "1:2:8:ERROR:ERROR:NOT_ANALYZED": "SOUTH",
    "1:2:8:ERROR:ERROR:ANALYZED": "TRANSMIT",
    "1:2:9:NOMINAL:NOMINAL:NOT_ANALYZED": "SOUTH",
    "1:2:9:NOMINAL:NOMINAL:ANALYZED": "TRANSMIT",
    "1:2:9:NOMINAL:ERROR:NOT_ANALYZED": "SOUTH",
    "1:2:9:NOMINAL:ERROR:ANALYZED": "TRANSMIT",
    "1:2:9:ERROR:NOMINAL:NOT_ANALYZED": "SOUTH",
    "1:2:9:ERROR:NOMINAL:ANALYZED": "TRANSMIT",
    "1:2:9:ERROR:ERROR:NOT_ANALYZED": "SOUTH",
    "1:2:9:ERROR:ERROR:ANALYZED": "TRANSMIT",
    "1:2:10:NOMINAL:NOMINAL:NOT_ANALYZED": "SOUTH",
    "1:2:10:NOMINAL:NOMINAL:ANALYZED": "TRANSMIT",
    "1:2:10:NOMINAL:ERROR:NOT_ANALYZED": "SOUTH",
    "1:2:10:NOMINAL:ERROR:ANALYZED": "TRANSMIT",
    "1:2:10:ERROR:NOMINAL:NOT_ANALYZED": "SOUTH",
    "1:2:10:ERROR:NOMINAL:ANALYZED": "TRANSMIT",
    "1:2:10:ERROR:ERROR:NOT_ANALYZED": "SOUTH",
    "1:2:10:ERROR:ERROR:ANALYZED": "TRANSMIT",
    "2:0:0:NOMINAL:NOMINAL:NOT_ANALYZED": "NORTH",
    "2:0:0:NOMINAL:NOMINAL:ANALYZED": "NORTH",
    "2:0:0:NOMINAL:ERROR:NOT_ANALYZED": "NORTH",
    "2:0:0:NOMINAL:ERROR:ANALYZED": "NORTH",
    "2:0:0:ERROR:NOMINAL:NOT_ANALYZED": "NORTH",
    "2:0:0:ERROR:NOMINAL:ANALYZED": "NORTH",
    "2:0:0:ERROR:ERROR:NOT_ANALYZED": "NORTH",
    "2:0:0:ERROR:ERROR:ANALYZED": "NORTH",
    "2:0:1:NOMINAL:NOMINAL:NOT_ANALYZED": "CHARGE",
    "2:0:1:NOMINAL:NOMINAL:ANALYZED": "TRANSMIT",
    "2:0:1:NOMINAL:ERROR:NOT_ANALYZED": "CHARGE",
    "2:0:1:NOMINAL:ERROR:ANALYZED": "TRANSMIT",
    "2:0:1:ERROR:NOMINAL:NOT_ANALYZED": "CHARGE",
    "2:0:1:ERROR:NOMINAL:ANALYZED": "TRANSMIT",
    "2:0:1:ERROR:ERROR:NOT_ANALYZED": "CHARGE",
    "2:0:1:ERROR:ERROR:ANALYZED": "TRANSMIT",
    "2:0:2:NOMINAL:NOMINAL:NOT_ANALYZED": "NORTH",
    "2:0:2:NOMINAL:NOMINAL:ANALYZED": "TRANSMIT",
    "2:0:2:NOMINAL:ERROR:NOT_ANALYZED": "NORTH",
    "2:0:2:NOMINAL:ERROR:ANALYZED": "TRANSMIT",
    "2:0:2:ERROR:NOMINAL:NOT_ANALYZED": "NORTH",
    "2:0:2:ERROR:NOMINAL:ANALYZED": "TRANSMIT",
    "2:0:2:ERROR:ERROR:NOT_ANALYZED": "NORTH",
    "2:0:2:ERROR:ERROR:ANALYZED": "TRANSMIT",
    "2:0:3:NOMINAL:NOMINAL:NOT_ANALYZED": "NORTH",
    "2:0:3:NOMINAL:NOMINAL:ANALYZED": "TRANSMIT",
    "2:0:3:NOMINAL:ERROR:NOT_ANALYZED": "NORTH",
    "2:0:3:NOMINAL:ERROR:ANALYZED": "TRANSMIT",
    "2:0:3:ERROR:NOMINAL:NOT_ANALYZED": "NORTH",
    "2:0:3:ERROR:NOMINAL:ANALYZED": "TRANSMIT",
    "2:0:3:ERROR:ERROR:NOT_ANALYZED": "NORTH",
    "2:0:3:ERROR:ERROR:ANALYZED": "TRANSMIT",
    "2:0:4:NOMINAL:NOMINAL:NOT_ANALYZED": "NORTH",
    "2:0:4:NOMINAL:NOMINAL:ANALYZED": "TRANSMIT",
    "2:0:4:NOMINAL:ERROR:NOT_ANALYZED": "NORTH",
    "2:0:4:NOMINAL:ERROR:ANALYZED": "TRANSMIT",
    "2:0:4:ERROR:NOMINAL:NOT_ANALYZED": "NORTH",
    "2:0:4:ERROR:NOMINAL:ANALYZED": "TRANSMIT",
    "2:0:4:ERROR:ERROR:NOT_ANALYZED": "NORTH",
    "2:0:4:ERROR:ERROR:ANALYZED": "TRANSMIT",
    "2:0:5:NOMINAL:NOMINAL:NOT_ANALYZED": "NORTH",
    "2:0:5:NOMINAL:NOMINAL:ANALYZED": "TRANSMIT",
    "2:0:5:NOMINAL:ERROR:NOT_ANALYZED": "NORTH",
    "2:0:5:NOMINAL:ERROR:ANALYZED": "TRANSMIT",
    "2:0:5:ERROR:NOMINAL:NOT_ANALYZED": "NORTH",
    "2:0:5:ERROR:NOMINAL:ANALYZED": "TRANSMIT",
    "2:0:5:ERROR:ERROR:NOT_ANALYZED": "NORTH",
    "2:0:5:ERROR:ERROR:ANALYZED": "TRANSMIT",
    "2:0:6:NOMINAL:NOMINAL:NOT_ANALYZED": "NORTH",
    "2:0:6:NOMINAL:NOMINAL:ANALYZED": "TRANSMIT",
    "2:0:6:NOMINAL:ERROR:NOT_ANALYZED": "NORTH",
    "2:0:6:NOMINAL:ERROR:ANALYZED": "TRANSMIT",
    "2:0:6:ERROR:NOMINAL:NOT_ANALYZED": "NORTH",
    "2:0:6:ERROR:NOMINAL:ANALYZED": "TRANSMIT",
    "2:0:6:ERROR:ERROR:NOT_ANALYZED": "NORTH",
    "2:0:6:ERROR:ERROR:ANALYZED": "TRANSMIT",
    "2:0:7:NOMINAL:NOMINAL:NOT_ANALYZED": "NORTH",
    "2:0:7:NOMINAL:NOMINAL:ANALYZED": "TRANSMIT",
    "2:0:7:NOMINAL:ERROR:NOT_ANALYZED": "NORTH",
    "2:0:7:NOMINAL:ERROR:ANALYZED": "TRANSMIT",
    "2:0:7:ERROR:NOMINAL:NOT_ANALYZED": "NORTH",
    "2:0:7:ERROR:NOMINAL:ANALYZED": "TRANSMIT",
    "2:0:7:ERROR:ERROR:NOT_ANALYZED": "NORTH",
    "2:0:7:ERROR:ERROR:ANALYZED": "TRANSMIT",
    "2:0:8:NOMINAL:NOMINAL:NOT_ANALYZED": "NORTH",
    "2:0:8:NOMINAL:NOMINAL:ANALYZED": "TRANSMIT",
    "2:0:8:NOMINAL:ERROR:NOT_ANALYZED": "NORTH",
    "2:0:8:NOMINAL:ERROR:ANALYZED": "TRANSMIT",
    "2:0:8:ERROR:NOMINAL:NOT_ANALYZED": "NORTH",
    "2:0:8:ERROR:NOMINAL:ANALYZED": "TRANSMIT",
    "2:0:8:ERROR:ERROR:NOT_ANALYZED": "NORTH",
    "2:0:8:ERROR:ERROR:ANALYZED": "TRANSMIT",
    "2:0:9:NOMINAL:NOMINAL:NOT_ANALYZED": "NORTH",
    "2:0:9:NOMINAL:NOMINAL:ANALYZED": "TRANSMIT",
    "2:0:9:NOMINAL:ERROR:NOT_ANALYZED": "NORTH",
    "2:0:9:NOMINAL:ERROR:ANALYZED": "TRANSMIT",
    "2:0:9:ERROR:NOMINAL:NOT_ANALYZED": "NORTH",
    "2:0:9:ERROR:NOMINAL:ANALYZED": "TRANSMIT",
    "2:0:9:ERROR:ERROR:NOT_ANALYZED": "NORTH",
    "2:0:9:ERROR:ERROR:ANALYZED": "TRANSMIT",
    "2:0:10:NOMINAL:NOMINAL:NOT_ANALYZED": "NORTH",
    "2:0:10:NOMINAL:NOMINAL:ANALYZED": "TRANSMIT",
    "2:0:10:NOMINAL:ERROR:NOT_ANALYZED": "NORTH",
    "2:0:10:NOMINAL:ERROR:ANALYZED": "TRANSMIT",
    "2:0:10:ERROR:NOMINAL:NOT_ANALYZED": "NORTH",
    "2:0:10:ERROR:NOMINAL:ANALYZED": "TRANSMIT",
    "2:0:10:ERROR:ERROR:NOT_ANALYZED": "NORTH",
    "2:0:10:ERROR:ERROR:ANALYZED": "TRANSMIT",
    "2:1:0:NOMINAL:NOMINAL:NOT_ANALYZED": "NORTH",
    "2:1:0:NOMINAL:NOMINAL:ANALYZED": "NORTH",
    "2:1:0:NOMINAL:ERROR:NOT_ANALYZED": "NORTH",
    "2:1:0:NOMINAL:ERROR:ANALYZED": "NORTH",
    "2:1:0:ERROR:NOMINAL:NOT_ANALYZED": "NORTH",
    "2:1:0:ERROR:NOMINAL:ANALYZED": "NORTH",
    "2:1:0:ERROR:ERROR:NOT_ANALYZED": "NORTH",
    "2:1:0:ERROR:ERROR:ANALYZED": "NORTH",
    "2:1:1:NOMINAL:NOMINAL:NOT_ANALYZED": "CHARGE",
    "2:1:1:NOMINAL:NOMINAL:ANALYZED": "TRANSMIT",
    "2:1:1:NOMINAL:ERROR:NOT_ANALYZED": "CHARGE",
    "2:1:1:NOMINAL:ERROR:ANALYZED": "TRANSMIT",
    "2:1:1:ERROR:NOMINAL:NOT_ANALYZED": "CHARGE",
    "2:1:1:ERROR:NOMINAL:ANALYZED": "TRANSMIT",
    "2:1:1:ERROR:ERROR:NOT_ANALYZED": "CHARGE",
    "2:1:1:ERROR:ERROR:ANALYZED": "TRANSMIT",
    "2:1:2:NOMINAL:NOMINAL:NOT_ANALYZED": "EAST",
    "2:1:2:NOMINAL:NOMINAL:ANALYZED": "TRANSMIT",
    "2:1:2:NOMINAL:ERROR:NOT_ANALYZED": "EAST",
    "2:1:2:NOMINAL:ERROR:ANALYZED": "TRANSMIT",
    "2:1:2:ERROR:NOMINAL:NOT_ANALYZED": "EAST",
    "2:1:2:ERROR:NOMINAL:ANALYZED": "TRANSMIT",
    "2:1:2:ERROR:ERROR:NOT_ANALYZED": "EAST",
    "2:1:2:ERROR:ERROR:ANALYZED": "TRANSMIT",
    "2:1:3:NOMINAL:NOMINAL:NOT_ANALYZED": "EAST",
    "2:1:3:NOMINAL:NOMINAL:ANALYZED": "TRANSMIT",
    "2:1:3:NOMINAL:ERROR:NOT_ANALYZED": "EAST",
    "2:1:3:NOMINAL:ERROR:ANALYZED": "TRANSMIT",
    "2:1:3:ERROR:NOMINAL:NOT_ANALYZED": "EAST",
    "2:1:3:ERROR:NOMINAL:ANALYZED": "TRANSMIT",
    "2:1:3:ERROR:ERROR:NOT_ANALYZED": "EAST",
    "2:1:3:ERROR:ERROR:ANALYZED": "TRANSMIT",
    "2:1:4:NOMINAL:NOMINAL:NOT_ANALYZED": "EAST",
    "2:1:4:NOMINAL:NOMINAL:ANALYZED": "TRANSMIT",
    "2:1:4:NOMINAL:ERROR:NOT_ANALYZED": "EAST",
    "2:1:4:NOMINAL:ERROR:ANALYZED": "TRANSMIT",
    "2:1:4:ERROR:NOMINAL:NOT_ANALYZED": "EAST",
    "2:1:4:ERROR:NOMINAL:ANALYZED": "TRANSMIT",
    "2:1:4:ERROR:ERROR:NOT_ANALYZED": "EAST",
    "2:1:4:ERROR:ERROR:ANALYZED": "TRANSMIT",
    "2:1:5:NOMINAL:NOMINAL:NOT_ANALYZED": "EAST",
    "2:1:5:NOMINAL:NOMINAL:ANALYZED": "TRANSMIT",
    "2:1:5:NOMINAL:ERROR:NOT_ANALYZED": "EAST",
    "2:1:5:NOMINAL:ERROR:ANALYZED": "TRANSMIT",
    "2:1:5:ERROR:NOMINAL:NOT_ANALYZED": "EAST",
    "2:1:5:ERROR:NOMINAL:ANALYZED": "TRANSMIT",
    "2:1:5:ERROR:ERROR:NOT_ANALYZED": "EAST",
    "2:1:5:ERROR:ERROR:ANALYZED": "TRANSMIT",
    "2:1:6:NOMINAL:NOMINAL:NOT_ANALYZED": "EAST",
    "2:1:6:NOMINAL:NOMINAL:ANALYZED": "TRANSMIT",
    "2:1:6:NOMINAL:ERROR:NOT_ANALYZED": "EAST",
    "2:1:6:NOMINAL:ERROR:ANALYZED": "TRANSMIT",
    "2:1:6:ERROR:NOMINAL:NOT_ANALYZED": "EAST",
    "2:1:6:ERROR:NOMINAL:ANALYZED": "TRANSMIT",
    "2:1:6:ERROR:ERROR:NOT_ANALYZED": "EAST",
    "2:1:6:ERROR:ERROR:ANALYZED": "TRANSMIT",
    "2:1:7:NOMINAL:NOMINAL:NOT_ANALYZED": "EAST",
    "2:1:7:NOMINAL:NOMINAL:ANALYZED": "TRANSMIT",
    "2:1:7:NOMINAL:ERROR:NOT_ANALYZED": "EAST",
    "2:1:7:NOMINAL:ERROR:ANALYZED": "TRANSMIT",
    "2:1:7:ERROR:NOMINAL:NOT_ANALYZED": "EAST",
    "2:1:7:ERROR:NOMINAL:ANALYZED": "TRANSMIT",
    "2:1:7:ERROR:ERROR:NOT_ANALYZED": "EAST",
    "2:1:7:ERROR:ERROR:ANALYZED": "TRANSMIT",
    "2:1:8:NOMINAL:NOMINAL:NOT_ANALYZED": "EAST",
    "2:1:8:NOMINAL:NOMINAL:ANALYZED": "TRANSMIT",
    "2:1:8:NOMINAL:ERROR:NOT_ANALYZED": "EAST",
    "2:1:8:NOMINAL:ERROR:ANALYZED": "TRANSMIT",
    "2:1:8:ERROR:NOMINAL:NOT_ANALYZED": "EAST",
    "2:1:8:ERROR:NOMINAL:ANALYZED": "TRANSMIT",
    "2:1:8:ERROR:ERROR:NOT_ANALYZED": "EAST",
    "2:1:8:ERROR:ERROR:ANALYZED": "TRANSMIT",
    "2:1:9:NOMINAL:NOMINAL:NOT_ANALYZED": "EAST",
    "2:1:9:NOMINAL:NOMINAL:ANALYZED": "TRANSMIT",
    "2:1:9:NOMINAL:ERROR:NOT_ANALYZED": "EAST",
    "2:1:9:NOMINAL:ERROR:ANALYZED": "TRANSMIT",
    "2:1:9:ERROR:NOMINAL:NOT_ANALYZED": "EAST",
    "2:1:9:ERROR:NOMINAL:ANALYZED": "TRANSMIT",
    "2:1:9:ERROR:ERROR:NOT_ANALYZED": "EAST",
    "2:1:9:ERROR:ERROR:ANALYZED": "TRANSMIT",
    "2:1:10:NOMINAL:NOMINAL:NOT_ANALYZED": "EAST",
    "2:1:10:NOMINAL:NOMINAL:ANALYZED": "TRANSMIT",
    "2:1:10:NOMINAL:ERROR:NOT_ANALYZED": "EAST",
    "2:1:10:NOMINAL:ERROR:ANALYZED": "TRANSMIT",
    "2:1:10:ERROR:NOMINAL:NOT_ANALYZED": "EAST",
    "2:1:10:ERROR:NOMINAL:ANALYZED": "TRANSMIT",
    "2:1:10:ERROR:ERROR:NOT_ANALYZED": "EAST",
    "2:1:10:ERROR:ERROR:ANALYZED": "TRANSMIT",
    "2:2:0:NOMINAL:NOMINAL:NOT_ANALYZED": "NORTH",
    "2:2:0:NOMINAL:NOMINAL:ANALYZED": "NORTH",
    "2:2:0:NOMINAL:ERROR:NOT_ANALYZED": "NORTH",
    "2:2:0:NOMINAL:ERROR:ANALYZED": "NORTH",
    "2:2:0:ERROR:NOMINAL:NOT_ANALYZED": "NORTH",
    "2:2:0:ERROR:NOMINAL:ANALYZED": "NORTH",
    "2:2:0:ERROR:ERROR:NOT_ANALYZED": "NORTH",
    "2:2:0:ERROR:ERROR:ANALYZED": "NORTH",
    "2:2:1:NOMINAL:NOMINAL:NOT_ANALYZED": "CHARGE",
    "2:2:1:NOMINAL:NOMINAL:ANALYZED": "TRANSMIT",
    "2:2:1:NOMINAL:ERROR:NOT_ANALYZED": "CHARGE",
    "2:2:1:NOMINAL:ERROR:ANALYZED": "TRANSMIT",
    "2:2:1:ERROR:NOMINAL:NOT_ANALYZED": "CHARGE",
    "2:2:1:ERROR:NOMINAL:ANALYZED": "TRANSMIT",
    "2:2:1:ERROR:ERROR:NOT_ANALYZED": "CHARGE",
    "2:2:1:ERROR:ERROR:ANALYZED": "TRANSMIT",
    "2:2:2:NOMINAL:NOMINAL:NOT_ANALYZED": "ANALYZE",
    "2:2:2:NOMINAL:NOMINAL:ANALYZED": "TRANSMIT",
    "2:2:2:NOMINAL:ERROR:NOT_ANALYZED": "CHARGE",
    "2:2:2:NOMINAL:ERROR:ANALYZED": "TRANSMIT",
    "2:2:2:ERROR:NOMINAL:NOT_ANALYZED": "CHARGE",
    "2:2:2:ERROR:NOMINAL:ANALYZED": "TRANSMIT",
    "2:2:2:ERROR:ERROR:NOT_ANALYZED": "CHARGE",
    "2:2:2:ERROR:ERROR:ANALYZED": "TRANSMIT",
    "2:2:3:NOMINAL:NOMINAL:NOT_ANALYZED": "ANALYZE",
    "2:2:3:NOMINAL:NOMINAL:ANALYZED": "TRANSMIT",
    "2:2:3:NOMINAL:ERROR:NOT_ANALYZED": "REBOOT",
    "2:2:3:NOMINAL:ERROR:ANALYZED": "TRANSMIT",
    "2:2:3:ERROR:NOMINAL:NOT_ANALYZED": "REBOOT",
    "2:2:3:ERROR:NOMINAL:ANALYZED": "TRANSMIT",
    "2:2:3:ERROR:ERROR:NOT_ANALYZED": "REBOOT",
    "2:2:3:ERROR:ERROR:ANALYZED": "TRANSMIT",
    "2:2:4:NOMINAL:NOMINAL:NOT_ANALYZED": "ANALYZE",
    "2:2:4:NOMINAL:NOMINAL:ANALYZED": "TRANSMIT",
    "2:2:4:NOMINAL:ERROR:NOT_ANALYZED": "REBOOT",
    "2:2:4:NOMINAL:ERROR:ANALYZED": "TRANSMIT",
    "2:2:4:ERROR:NOMINAL:NOT_ANALYZED": "REBOOT",
    "2:2:4:ERROR:NOMINAL:ANALYZED": "TRANSMIT",
    "2:2:4:ERROR:ERROR:NOT_ANALYZED": "REBOOT",
    "2:2:4:ERROR:ERROR:ANALYZED": "TRANSMIT",
    "2:2:5:NOMINAL:NOMINAL:NOT_ANALYZED": "ANALYZE",
    "2:2:5:NOMINAL:NOMINAL:ANALYZED": "TRANSMIT",
    "2:2:5:NOMINAL:ERROR:NOT_ANALYZED": "REBOOT",
    "2:2:5:NOMINAL:ERROR:ANALYZED": "TRANSMIT",
    "2:2:5:ERROR:NOMINAL:NOT_ANALYZED": "REBOOT",
    "2:2:5:ERROR:NOMINAL:ANALYZED": "TRANSMIT",
    "2:2:5:ERROR:ERROR:NOT_ANALYZED": "REBOOT",
    "2:2:5:ERROR:ERROR:ANALYZED": "TRANSMIT",
    "2:2:6:NOMINAL:NOMINAL:NOT_ANALYZED": "ANALYZE",
    "2:2:6:NOMINAL:NOMINAL:ANALYZED": "TRANSMIT",
    "2:2:6:NOMINAL:ERROR:NOT_ANALYZED": "REBOOT",
    "2:2:6:NOMINAL:ERROR:ANALYZED": "TRANSMIT",
    "2:2:6:ERROR:NOMINAL:NOT_ANALYZED": "REBOOT",
    "2:2:6:ERROR:NOMINAL:ANALYZED": "TRANSMIT",
    "2:2:6:ERROR:ERROR:NOT_ANALYZED": "REBOOT",
    "2:2:6:ERROR:ERROR:ANALYZED": "TRANSMIT",
    "2:2:7:NOMINAL:NOMINAL:NOT_ANALYZED": "ANALYZE",
    "2:2:7:NOMINAL:NOMINAL:ANALYZED": "TRANSMIT",
    "2:2:7:NOMINAL:ERROR:NOT_ANALYZED": "REBOOT",
    "2:2:7:NOMINAL:ERROR:ANALYZED": "TRANSMIT",
    "2:2:7:ERROR:NOMINAL:NOT_ANALYZED": "REBOOT",
    "2:2:7:ERROR:NOMINAL:ANALYZED": "TRANSMIT",
    "2:2:7:ERROR:ERROR:NOT_ANALYZED": "REBOOT",
    "2:2:7:ERROR:ERROR:ANALYZED": "TRANSMIT",
    "2:2:8:NOMINAL:NOMINAL:NOT_ANALYZED": "ANALYZE",
    "2:2:8:NOMINAL:NOMINAL:ANALYZED": "TRANSMIT",
    "2:2:8:NOMINAL:ERROR:NOT_ANALYZED": "REBOOT",
    "2:2:8:NOMINAL:ERROR:ANALYZED": "TRANSMIT",
    "2:2:8:ERROR:NOMINAL:NOT_ANALYZED": "REBOOT",
    "2:2:8:ERROR:NOMINAL:ANALYZED": "TRANSMIT",
    "2:2:8:ERROR:ERROR:NOT_ANALYZED": "REBOOT",
    "2:2:8:ERROR:ERROR:ANALYZED": "TRANSMIT",
    "2:2:9:NOMINAL:NOMINAL:NOT_ANALYZED": "ANALYZE",
    "2:2:9:NOMINAL:NOMINAL:ANALYZED": "TRANSMIT",
    "2:2:9:NOMINAL:ERROR:NOT_ANALYZED": "REBOOT",
    "2:2:9:NOMINAL:ERROR:ANALYZED": "TRANSMIT",
    "2:2:9:ERROR:NOMINAL:NOT_ANALYZED": "REBOOT",
    "2:2:9:ERROR:NOMINAL:ANALYZED": "TRANSMIT",
    "2:2:9:ERROR:ERROR:NOT_ANALYZED": "REBOOT",
    "2:2:9:ERROR:ERROR:ANALYZED": "TRANSMIT",
    "2:2:10:NOMINAL:NOMINAL:NOT_ANALYZED": "ANALYZE",
    "2:2:10:NOMINAL:NOMINAL:ANALYZED": "TRANSMIT",
    "2:2:10:NOMINAL:ERROR:NOT_ANALYZED": "REBOOT",
    "2:2:10:NOMINAL:ERROR:ANALYZED": "TRANSMIT",
    "2:2:10:ERROR:NOMINAL:NOT_ANALYZED": "REBOOT",
    "2:2:10:ERROR:NOMINAL:ANALYZED": "TRANSMIT",
    "2:2:10:ERROR:ERROR:NOT_ANALYZED": "REBOOT",
    "2:2:10:ERROR:ERROR:ANALYZED": "TRANSMIT",
    "SLEEP_MODE": "NORTH"
}
